<?xml version="1.0" encoding="UTF-8"?>
<testng-results ignored="0" total="1" passed="1" failed="0" skipped="0">
  <reporter-output>
  </reporter-output>
  <suite started-at="2023-10-30T20:11:01 IST" name="Default suite" finished-at="2023-10-30T20:11:11 IST" duration-ms="10524">
    <groups>
    </groups>
    <test started-at="2023-10-30T20:11:01 IST" name="Default test" finished-at="2023-10-30T20:11:11 IST" duration-ms="10524">
      <class name="testscripts.regression.SampleValidateLogin">
        <test-method is-config="true" signature="filesRead()[pri:0, instance:testscripts.regression.SampleValidateLogin@6fdbe764]" started-at="2023-10-30T20:11:01 IST" name="filesRead" finished-at="2023-10-30T20:11:01 IST" duration-ms="12" status="PASS">
          <reporter-output>
          </reporter-output>
        </test-method> <!-- filesRead -->
        <test-method is-config="true" signature="setUp()[pri:0, instance:testscripts.regression.SampleValidateLogin@6fdbe764]" started-at="2023-10-30T20:11:01 IST" name="setUp" finished-at="2023-10-30T20:11:07 IST" duration-ms="6284" status="PASS">
          <reporter-output>
          </reporter-output>
        </test-method> <!-- setUp -->
        <test-method signature="validateLoginTest1()[pri:0, instance:testscripts.regression.SampleValidateLogin@6fdbe764]" started-at="2023-10-30T20:11:07 IST" name="validateLoginTest1" finished-at="2023-10-30T20:11:08 IST" duration-ms="867" status="PASS">
          <reporter-output>
          </reporter-output>
        </test-method> <!-- validateLoginTest1 -->
        <test-method is-config="true" signature="teardown()[pri:0, instance:testscripts.regression.SampleValidateLogin@6fdbe764]" started-at="2023-10-30T20:11:08 IST" name="teardown" finished-at="2023-10-30T20:11:11 IST" duration-ms="3321" status="PASS">
          <reporter-output>
          </reporter-output>
        </test-method> <!-- teardown -->
      </class> <!-- testscripts.regression.SampleValidateLogin -->
    </test> <!-- Default test -->
  </suite> <!-- Default suite -->
</testng-results>
