<?xml version="1.0" encoding="UTF-8"?>
<testng-results ignored="0" total="1" passed="1" failed="0" skipped="0">
  <reporter-output>
  </reporter-output>
  <suite started-at="2023-11-01T20:06:16 IST" name="Default suite" finished-at="2023-11-01T20:06:27 IST" duration-ms="11205">
    <groups>
    </groups>
    <test started-at="2023-11-01T20:06:16 IST" name="Default test" finished-at="2023-11-01T20:06:27 IST" duration-ms="11205">
      <class name="testscripts.regression.ValidateRegistration">
        <test-method is-config="true" signature="filesRead()[pri:0, instance:testscripts.regression.ValidateRegistration@5677323c]" started-at="2023-11-01T20:06:16 IST" name="filesRead" finished-at="2023-11-01T20:06:16 IST" duration-ms="10" status="PASS">
          <reporter-output>
          </reporter-output>
        </test-method> <!-- filesRead -->
        <test-method signature="validateRegistrationTest(java.util.HashMap)[pri:0, instance:testscripts.regression.ValidateRegistration@5677323c]" started-at="2023-11-01T20:06:17 IST" name="validateRegistrationTest" data-provider="getData" finished-at="2023-11-01T20:06:27 IST" duration-ms="10068" status="PASS">
          <params>
            <param index="0">
              <value>
                <![CDATA[{Expected Title=Adactin.com - New User Registration, Username=Ravi0111, Captcha Text=marbly, Confirm Password=Ravi123, Full Name=Ravi Kumar, Password=Ravi123, Email Address=ravi12@gmail.com}]]>
              </value>
            </param>
          </params>
          <reporter-output>
          </reporter-output>
        </test-method> <!-- validateRegistrationTest -->
      </class> <!-- testscripts.regression.ValidateRegistration -->
    </test> <!-- Default test -->
  </suite> <!-- Default suite -->
</testng-results>
